app/build/outputs/mapping/release/seeds.txt
com.znliang.launcher.tags.tag.TagCloud$Companion
com.znliang.launcher.main.MainActivity$packageChangedReceiver$1
com.znliang.launcher.tags.adapter.AppItemViewHolder
com.znliang.launcher.tags.tag.TagCloudView$Companion
com.znliang.launcher.tags.tag.TagCloud
com.znliang.launcher.tags.tag.TagCloudView
com.znliang.launcher.tags.tag.Tag
com.znliang.launcher.tags.model.BaseTagModel
com.znliang.launcher.tags.adapter.TagsAdapter
com.znliang.launcher.tags.tag.Point3DF
com.znliang.launcher.main.MainActivity
com.znliang.launcher.tags.mode.TagScrollMode
com.znliang.launcher.tags.model.ITagModel
com.znliang.launcher.tags.mode.TagScrollMode$Companion
com.znliang.launcher.tags.model.AppInfo
com.znliang.launcher.tags.adapter.AppAdapter
com.znliang.launcher.tags.listener.ITagClickListener
com.znliang.launcher.tags.tag.TagCloudView$TagColor
com.znliang.launcher.tags.adapter.AppItemViewHolder$Companion
com.znliang.launcher.tags.model.AppInfo: java.lang.String layout
com.znliang.launcher.tags.mode.TagScrollMode: int MODE_DECELERATE
com.znliang.launcher.tags.tag.TagCloudView: com.znliang.launcher.tags.listener.ITagClickListener onTagClickListener
com.znliang.launcher.tags.tag.TagCloudView: float FIXED_AUTO_SCROLL_SPEED
com.znliang.launcher.tags.mode.TagScrollMode$Companion: com.znliang.launcher.tags.mode.TagScrollMode$Companion $$INSTANCE
com.znliang.launcher.tags.tag.TagCloudView$TagColor: float g
com.znliang.launcher.tags.tag.TagCloudView$TagColor: float b
com.znliang.launcher.tags.tag.TagCloudView: int minSize
com.znliang.launcher.tags.model.BaseTagModel: java.lang.String name
com.znliang.launcher.tags.tag.TagCloudView: com.znliang.launcher.tags.tag.TagCloudView$TagColor lightColor
com.znliang.launcher.tags.tag.TagCloud: float[] darkColor
com.znliang.launcher.tags.model.AppInfo: android.graphics.drawable.Drawable icon
com.znliang.launcher.tags.tag.TagCloudView: float DECELERATION_STEP
com.znliang.launcher.tags.tag.TagCloud: int DEFAULT_RADIUS
com.znliang.launcher.tags.tag.Point3DF: float x
com.znliang.launcher.tags.tag.Tag: int popularity
com.znliang.launcher.tags.adapter.AppItemViewHolder: android.widget.TextView textView
com.znliang.launcher.tags.tag.TagCloudView: android.view.Choreographer choreographer
com.znliang.launcher.tags.tag.TagCloudView: float DEFAULT_INERTIA
com.znliang.launcher.tags.model.AppInfo: java.lang.String id
com.znliang.launcher.tags.tag.Tag: com.znliang.launcher.tags.tag.Point3DF spatialCenter
com.znliang.launcher.tags.tag.TagCloudView: float radius
com.znliang.launcher.tags.tag.TagCloudView: float DEFAULT_RADIUS_PERCENT
com.znliang.launcher.tags.tag.TagCloudView: int autoScrollMode
com.znliang.launcher.tags.adapter.AppAdapter: java.util.Map viewCache
com.znliang.launcher.tags.tag.TagCloud: float cosY
com.znliang.launcher.tags.tag.Point3DF: float z
com.znliang.launcher.tags.tag.TagCloudView: boolean isPaused
com.znliang.launcher.tags.tag.TagCloudView: float TOUCH_SCALE_FACTOR
com.znliang.launcher.tags.tag.TagCloud: float sinX
com.znliang.launcher.tags.tag.TagCloud: float inertiaZ
com.znliang.launcher.tags.tag.TagCloudView: com.znliang.launcher.tags.tag.TagCloudView$TagColor darkColor
com.znliang.launcher.tags.tag.TagCloudView: int touchSlop
com.znliang.launcher.tags.tag.TagCloudView: float inertiaX
com.znliang.launcher.tags.tag.TagCloud: float inertiaX
com.znliang.launcher.tags.tag.TagCloud: com.znliang.launcher.tags.tag.TagCloud$Companion Companion
com.znliang.launcher.tags.tag.TagCloudView: float INERTIA_ADJUST_STEP
com.znliang.launcher.tags.tag.TagCloud: java.util.List tagList
com.znliang.launcher.tags.mode.TagScrollMode$Companion: int MODE_DISABLE
com.znliang.launcher.tags.tag.TagCloud: float[] DEFAULT_COLOR_DARK
com.znliang.launcher.tags.tag.TagCloudView: float inertiaY
com.znliang.launcher.tags.model.AppInfo: java.lang.CharSequence label
com.znliang.launcher.tags.tag.TagCloudView: boolean manualScroll
com.znliang.launcher.tags.model.AppInfo: java.lang.String name
...
androidx.fragment.app.Fragment: boolean mRemoving
androidx.core.view.NestedScrollingParentHelper: int mNestedScrollAxesNonTouch
androidx.appcompat.view.ViewPropertyAnimatorCompatSet: java.util.ArrayList mAnimators
androidx.vectordrawable.graphics.drawable.AnimatorInflaterCompat: java.lang.String TAG
androidx.emoji2.text.flatbuffer.ByteBufferReadWriteBuf: java.nio.ByteBuffer buffer
androidx.appcompat.R$attr: int customNavigationLayout
androidx.appcompat.app.AppCompatDelegateImpl$ActionModeCallbackWrapperV9: androidx.appcompat.app.AppCompatDelegateImpl this$0
androidx.core.app.NotificationCompat$Action$WearableExtender: java.lang.String KEY_CANCEL_LABEL
androidx.viewpager.widget.PagerTitleStrip: float SIDE_ALPHA
androidx.appcompat.app.AlertController$AlertParams: java.lang.String mIsCheckedColumn
androidx.core.telephony.TelephonyManagerCompat: java.lang.reflect.Method sGetDeviceIdMethod
androidx.appcompat.R$styleable: int[] ActionMode
androidx.appcompat.R$styleable: int ButtonBarLayout_allowStacking
androidx.viewpager.R$drawable: int notification_action_background
androidx.emoji2.text.TypefaceEmojiRasterizer: java.lang.ThreadLocal sMetadataItem
androidx.core.view.MotionEventCompat: int AXIS_GENERIC_16
androidx.core.widget.NestedScrollView: int mNestedYOffset
androidx.loader.content.CursorLoader: java.lang.String mSortOrder
androidx.viewpager.R$styleable: int GradientColorItem_android_color
androidx.fragment.app.FragmentStatePagerAdapter: java.lang.String TAG
androidx.core.graphics.drawable.WrappedDrawableApi14: androidx.core.graphics.drawable.WrappedDrawableState mState
androidx.vectordrawable.graphics.drawable.VectorDrawableCompat$VPathRenderer: android.graphics.Path mPath
androidx.appcompat.widget.ActivityChooserView: android.widget.ImageView mDefaultActivityButtonImage
androidx.recyclerview.widget.RecyclerView: androidx.recyclerview.widget.GapWorker mGapWorker
androidx.collection.IntSetKt: androidx.collection.MutableIntSet EmptyIntSet
androidx.vectordrawable.graphics.drawable.VectorDrawableCompat: int LINECAP_ROUND
androidx.vectordrawable.animated.R$id: int tag_unhandled_key_listeners
androidx.appcompat.widget.ListPopupWindow: androidx.appcompat.widget.ListPopupWindow$PopupTouchInterceptor mTouchInterceptor
androidx.emoji2.text.EmojiCompat$Config: int mMetadataLoadStrategy
androidx.core.text.util.LocalePreferences$HourCycle: java.lang.String U_EXTENSION_TAG
androidx.fragment.app.BackStackRecordState: java.util.ArrayList mFragmentWhos
androidx.customview.R$color: int ripple_material_light
androidx.appcompat.app.AppCompatDelegateImpl$1: java.lang.Thread$UncaughtExceptionHandler val$defHandler
androidx.core.view.WindowInsetsCompat$BuilderImpl20: android.view.WindowInsets mPlatformInsets
androidx.core.app.NotificationCompat: int BADGE_ICON_SMALL
androidx.appcompat.widget.TintInfo: boolean mHasTintList
kotlinx.coroutines.internal.Segment: int cleanedAndPointers
kotlinx.coroutines.channels.BufferedChannel: java.lang.Object sendSegment
androidx.core.widget.TextViewKt$addTextChangedListener$3: androidx.core.widget.TextViewKt$addTextChangedListener$3 INSTANCE
androidx.core.content.res.CamColor: float CHROMA_SEARCH_ENDPOINT
androidx.appcompat.R$attr: int toolbarStyle
androidx.drawerlayout.R$attr: int fontProviderPackage
androidx.recyclerview.widget.LinearLayoutManager: int mPendingScrollPosition
androidx.recyclerview.widget.MessageThreadUtil$SyncQueueItem: androidx.recyclerview.widget.MessageThreadUtil$SyncQueueItem next
androidx.core.text.BidiFormatter: androidx.core.text.BidiFormatter DEFAULT_RTL_INSTANCE
androidx.appcompat.app.AlertController$AlertParams: android.content.DialogInterface$OnClickListener mNeutralButtonListener
androidx.appcompat.widget.ScrollingTabContainerView$TabView: android.widget.ImageView mIconView
androidx.fragment.app.SpecialEffectsController$1: androidx.fragment.app.SpecialEffectsController$FragmentStateManagerOperation val$operation