app/build/outputs/mapping/release/usage.txt
com.znliang.launcher.AppLoader:
    private static final java.lang.String KEY_BLACKLIST
    private static final java.lang.String PREFS_NAME
    public final void addToBlackList(java.lang.String)
    public final boolean isInBlackList(java.lang.String)
    public final void removeFromBlackList(java.lang.String)
com.znliang.launcher.R$color:
    public static int app_text_color
    public static int purple_200
    public static int purple_500
    public static int purple_700
    public static int teal_200
    public static int teal_700
    public static int transparent
    private void <init>()
com.znliang.launcher.R$dimen:
    private void <init>()
com.znliang.launcher.R$drawable
com.znliang.launcher.R$id:
    private void <init>()
com.znliang.launcher.R$integer:
    private void <init>()
com.znliang.launcher.R$layout:
    public static int item_app
    private void <init>()
com.znliang.launcher.R$string:
    private void <init>()
com.znliang.launcher.R$style
com.znliang.launcher.R$xml
com.znliang.launcher.R
com.znliang.launcher.main.MainIntent$LaunchApp:
    public final com.znliang.launcher.tags.model.AppInfo component1()
    public final com.znliang.launcher.main.MainIntent$LaunchApp copy(com.znliang.launcher.tags.model.AppInfo)
    public static synthetic com.znliang.launcher.main.MainIntent$LaunchApp copy$default(com.znliang.launcher.main.MainIntent$LaunchApp,com.znliang.launcher.tags.model.AppInfo,int,java.lang.Object)
com.znliang.launcher.main.MainIntent$PageStateChanged:
    public final boolean component1()
    public final com.znliang.launcher.main.MainIntent$PageStateChanged copy(boolean)
    public static synthetic com.znliang.launcher.main.MainIntent$PageStateChanged copy$default(com.znliang.launcher.main.MainIntent$PageStateChanged,boolean,int,java.lang.Object)
com.znliang.launcher.main.MainIntent$SearchQueryChanged:
    public final java.lang.String component1()
    public final com.znliang.launcher.main.MainIntent$SearchQueryChanged copy(java.lang.String)
    public static synthetic com.znliang.launcher.main.MainIntent$SearchQueryChanged copy$default(com.znliang.launcher.main.MainIntent$SearchQueryChanged,java.lang.String,int,java.lang.Object)
com.znliang.launcher.main.MainViewState:
    public void <init>()
    public final java.util.List component1()
    public final java.lang.String component2()
    public final java.util.List component3()
    public final boolean component4()
    public final boolean component5()
    public final java.lang.String getSearchQuery()
com.znliang.launcher.search.SearchAppListAdapter$ViewHolder:
    public final android.widget.TextView getLabel()
    public final android.view.View getView()
com.znliang.launcher.utils.DoubleClickListener
com.znliang.launcher.AppLoader$Companion
com.znliang.launcher.AppLoader:
    public static final com.znliang.launcher.AppLoader$Companion Companion
    static void <clinit>()
    public static void applyDefaultBlackList()
    public final java.util.Set getBlackList()
    public static android.content.Context getContext()
    public static java.util.List getFinalList()
    public static void loadApps()
    public static java.util.List searchApps()
com.znliang.launcher.R$color
com.znliang.launcher.R$dimen
com.znliang.launcher.R$id
com.znliang.launcher.R$integer
com.znliang.launcher.R$layout
com.znliang.launcher.R$string
com.znliang.launcher.main.MainActivity$onCreate$1$1:
    public int label
    public static java.lang.Object invoke$1()
com.znliang.launcher.main.MainActivity$onCreate$1:
    public final java.lang.Object invoke(kotlinx.coroutines.CoroutineScope,kotlin.coroutines.Continuation)
com.znliang.launcher.main.MainActivity$special$$inlined$viewModels$default$1
com.znliang.launcher.main.MainActivity$special$$inlined$viewModels$default$2:
    public final androidx.lifecycle.ViewModelStore invoke()
...
kotlinx.coroutines.BuildersKt__Builders_commonKt:
    private static final int RESUMED
    private static final int SUSPENDED
    private static final int UNDECIDED
    public static final kotlinx.coroutines.Deferred async(kotlinx.coroutines.CoroutineScope,kotlin.coroutines.CoroutineContext,kotlinx.coroutines.CoroutineStart,kotlin.jvm.functions.Function2)
    public static synthetic kotlinx.coroutines.Deferred async$default(kotlinx.coroutines.CoroutineScope,kotlin.coroutines.CoroutineContext,kotlinx.coroutines.CoroutineStart,kotlin.jvm.functions.Function2,int,java.lang.Object)
    public static final java.lang.Object invoke(kotlinx.coroutines.CoroutineDispatcher,kotlin.jvm.functions.Function2,kotlin.coroutines.Continuation)
    private static final java.lang.Object invoke$$forInline(kotlinx.coroutines.CoroutineDispatcher,kotlin.jvm.functions.Function2,kotlin.coroutines.Continuation)
kotlinx.coroutines.CancelFutureOnCancel
kotlinx.coroutines.CancelFutureOnCompletion
kotlinx.coroutines.CancellableContinuation$DefaultImpls
kotlinx.coroutines.CancellableContinuation:
    public abstract boolean cancel(java.lang.Throwable)
    public abstract void initCancellability()
    public abstract boolean isActive()
    public abstract boolean isCancelled()
    public abstract boolean isCompleted()
    public abstract void resumeUndispatched(kotlinx.coroutines.CoroutineDispatcher,java.lang.Object)
    public abstract void resumeUndispatchedWithException(kotlinx.coroutines.CoroutineDispatcher,java.lang.Throwable)
    public abstract java.lang.Object tryResume(java.lang.Object,java.lang.Object)
    public abstract java.lang.Object tryResumeWithException(java.lang.Throwable)
kotlinx.coroutines.CancellableContinuationImpl:
    private final void callCancelHandler(kotlin.jvm.functions.Function1,java.lang.Throwable)
    private final void callCancelHandlerSafely(kotlin.jvm.functions.Function0)
    public boolean isActive()
    public boolean isCancelled()
    private final void loop$atomicfu(java.util.concurrent.atomic.AtomicIntegerFieldUpdater,kotlin.jvm.functions.Function1,java.lang.Object)
    private final void loop$atomicfu(java.util.concurrent.atomic.AtomicReferenceFieldUpdater,kotlin.jvm.functions.Function1,java.lang.Object)
    public void resumeUndispatched(kotlinx.coroutines.CoroutineDispatcher,java.lang.Object)
    public void resumeUndispatchedWithException(kotlinx.coroutines.CoroutineDispatcher,java.lang.Throwable)
    public java.lang.Object tryResume(java.lang.Object,java.lang.Object)
    public java.lang.Object tryResumeWithException(java.lang.Throwable)
    private final void update$atomicfu(java.util.concurrent.atomic.AtomicIntegerFieldUpdater,kotlin.jvm.functions.Function1,java.lang.Object)
kotlinx.coroutines.CancellableContinuationImplKt:
    private static final int DECISION_SHIFT
    private static final int INDEX_MASK
    private static final int NO_INDEX
    private static final int RESUMED
    private static final int SUSPENDED
    private static final int UNDECIDED
    private static final int decisionAndIndex(int,int)
    private static final int getDecision(int)
    private static final int getIndex(int)
kotlinx.coroutines.CancellableContinuationKt:
    public static final java.lang.Object suspendCancellableCoroutine(kotlin.jvm.functions.Function1,kotlin.coroutines.Continuation)
    private static final java.lang.Object suspendCancellableCoroutine$$forInline(kotlin.jvm.functions.Function1,kotlin.coroutines.Continuation)
    public static final java.lang.Object suspendCancellableCoroutineReusable(kotlin.jvm.functions.Function1,kotlin.coroutines.Continuation)
    private static final java.lang.Object suspendCancellableCoroutineReusable$$forInline(kotlin.jvm.functions.Function1,kotlin.coroutines.Continuation)
kotlinx.coroutines.ChildHandle$DefaultImpls
kotlinx.coroutines.ChildHandle:
    public abstract kotlinx.coroutines.Job getParent()
kotlinx.coroutines.ChildHandleNode:
    public kotlinx.coroutines.Job getParent()